{"D:\\Jean\\Downloads\\Dev\\ApiREST_Clientes_Cidades\\app.js": {"path":"D:\\Jean\\Downloads\\Dev\\ApiREST_Clientes_Cidades\\app.js","statementMap":{"0":{"start":{"line":1,"column":16},"end":{"line":1,"column":34}},"1":{"start":{"line":2,"column":12},"end":{"line":2,"column":21}},"2":{"start":{"line":3,"column":19},"end":{"line":3,"column":41}},"3":{"start":{"line":11,"column":0},"end":{"line":11,"column":24}},"4":{"start":{"line":13,"column":15},"end":{"line":13,"column":38}},"5":{"start":{"line":14,"column":0},"end":{"line":14,"column":12}},"6":{"start":{"line":16,"column":0},"end":{"line":18,"column":2}},"7":{"start":{"line":17,"column":2},"end":{"line":17,"column":54}},"8":{"start":{"line":20,"column":0},"end":{"line":20,"column":21}}},"fnMap":{"0":{"name":"(anonymous_0)","decl":{"start":{"line":16,"column":13},"end":{"line":16,"column":14}},"loc":{"start":{"line":16,"column":28},"end":{"line":18,"column":1}},"line":16}},"branchMap":{},"s":{"0":2,"1":2,"2":2,"3":2,"4":2,"5":2,"6":2,"7":1,"8":2},"f":{"0":1},"b":{},"_coverageSchema":"1a1c01bbd47fc00a2c39e90264f33305004495a9","hash":"208f37922744881147f65debeced2a92ed526287"}
,"D:\\Jean\\Downloads\\Dev\\ApiREST_Clientes_Cidades\\database\\config.js": {"path":"D:\\Jean\\Downloads\\Dev\\ApiREST_Clientes_Cidades\\database\\config.js","statementMap":{"0":{"start":{"line":1,"column":16},"end":{"line":1,"column":44}},"1":{"start":{"line":2,"column":15},"end":{"line":2,"column":70}},"2":{"start":{"line":3,"column":11},"end":{"line":3,"column":39}},"3":{"start":{"line":5,"column":23},"end":{"line":11,"column":3}},"4":{"start":{"line":13,"column":24},"end":{"line":22,"column":3}},"5":{"start":{"line":24,"column":0},"end":{"line":28,"column":3}},"6":{"start":{"line":25,"column":2},"end":{"line":25,"column":35}},"7":{"start":{"line":26,"column":2},"end":{"line":26,"column":25}},"8":{"start":{"line":27,"column":2},"end":{"line":27,"column":26}},"9":{"start":{"line":30,"column":0},"end":{"line":34,"column":2}},"10":{"start":{"line":31,"column":2},"end":{"line":33,"column":4}},"11":{"start":{"line":32,"column":4},"end":{"line":32,"column":20}},"12":{"start":{"line":36,"column":0},"end":{"line":36,"column":20}}},"fnMap":{"0":{"name":"(anonymous_0)","decl":{"start":{"line":24,"column":13},"end":{"line":24,"column":14}},"loc":{"start":{"line":24,"column":19},"end":{"line":28,"column":1}},"line":24},"1":{"name":"(anonymous_1)","decl":{"start":{"line":30,"column":21},"end":{"line":30,"column":22}},"loc":{"start":{"line":31,"column":2},"end":{"line":33,"column":4}},"line":31},"2":{"name":"(anonymous_2)","decl":{"start":{"line":31,"column":11},"end":{"line":31,"column":12}},"loc":{"start":{"line":31,"column":17},"end":{"line":33,"column":3}},"line":31}},"branchMap":{"0":{"loc":{"start":{"line":2,"column":15},"end":{"line":2,"column":70}},"type":"cond-expr","locations":[{"start":{"line":2,"column":37},"end":{"line":2,"column":56}},{"start":{"line":2,"column":59},"end":{"line":2,"column":70}}],"line":2}},"s":{"0":4,"1":4,"2":4,"3":4,"4":4,"5":4,"6":4,"7":4,"8":4,"9":4,"10":0,"11":0,"12":4},"f":{"0":4,"1":0,"2":0},"b":{"0":[4,0]},"_coverageSchema":"1a1c01bbd47fc00a2c39e90264f33305004495a9","hash":"76a06dd331c1dadf118730d589ba93bb14fb59ee"}
,"D:\\Jean\\Downloads\\Dev\\ApiREST_Clientes_Cidades\\src\\router.js": {"path":"D:\\Jean\\Downloads\\Dev\\ApiREST_Clientes_Cidades\\src\\router.js","statementMap":{"0":{"start":{"line":1,"column":15},"end":{"line":1,"column":41}},"1":{"start":{"line":2,"column":16},"end":{"line":2,"column":43}},"2":{"start":{"line":4,"column":0},"end":{"line":7,"column":2}},"3":{"start":{"line":5,"column":2},"end":{"line":5,"column":13}},"4":{"start":{"line":6,"column":2},"end":{"line":6,"column":14}}},"fnMap":{"0":{"name":"(anonymous_0)","decl":{"start":{"line":4,"column":17},"end":{"line":4,"column":18}},"loc":{"start":{"line":4,"column":24},"end":{"line":7,"column":1}},"line":4}},"branchMap":{},"s":{"0":2,"1":2,"2":2,"3":2,"4":2},"f":{"0":2},"b":{},"_coverageSchema":"1a1c01bbd47fc00a2c39e90264f33305004495a9","hash":"12841f916ce4c11d1f1f46f62d90575c6c798a10"}
,"D:\\Jean\\Downloads\\Dev\\ApiREST_Clientes_Cidades\\src\\controllers\\cidade.js": {"path":"D:\\Jean\\Downloads\\Dev\\ApiREST_Clientes_Cidades\\src\\controllers\\cidade.js","statementMap":{"0":{"start":{"line":1,"column":15},"end":{"line":1,"column":42}},"1":{"start":{"line":2,"column":54},"end":{"line":2,"column":80}},"2":{"start":{"line":4,"column":0},"end":{"line":40,"column":2}},"3":{"start":{"line":6,"column":4},"end":{"line":19,"column":5}},"4":{"start":{"line":7,"column":21},"end":{"line":7,"column":41}},"5":{"start":{"line":8,"column":6},"end":{"line":8,"column":30}},"6":{"start":{"line":10,"column":6},"end":{"line":10,"column":35}},"7":{"start":{"line":12,"column":6},"end":{"line":18,"column":7}},"8":{"start":{"line":13,"column":8},"end":{"line":13,"column":53}},"9":{"start":{"line":14,"column":13},"end":{"line":18,"column":7}},"10":{"start":{"line":15,"column":8},"end":{"line":15,"column":53}},"11":{"start":{"line":17,"column":8},"end":{"line":17,"column":53}},"12":{"start":{"line":23,"column":4},"end":{"line":28,"column":5}},"13":{"start":{"line":24,"column":22},"end":{"line":24,"column":64}},"14":{"start":{"line":25,"column":6},"end":{"line":25,"column":24}},"15":{"start":{"line":27,"column":6},"end":{"line":27,"column":50}},"16":{"start":{"line":32,"column":4},"end":{"line":37,"column":5}},"17":{"start":{"line":33,"column":22},"end":{"line":33,"column":68}},"18":{"start":{"line":34,"column":6},"end":{"line":34,"column":24}},"19":{"start":{"line":36,"column":6},"end":{"line":36,"column":50}}},"fnMap":{"0":{"name":"(anonymous_0)","decl":{"start":{"line":5,"column":12},"end":{"line":5,"column":13}},"loc":{"start":{"line":5,"column":32},"end":{"line":20,"column":3}},"line":5},"1":{"name":"(anonymous_1)","decl":{"start":{"line":22,"column":16},"end":{"line":22,"column":17}},"loc":{"start":{"line":22,"column":36},"end":{"line":29,"column":3}},"line":22},"2":{"name":"(anonymous_2)","decl":{"start":{"line":31,"column":18},"end":{"line":31,"column":19}},"loc":{"start":{"line":31,"column":38},"end":{"line":38,"column":3}},"line":31}},"branchMap":{"0":{"loc":{"start":{"line":12,"column":6},"end":{"line":18,"column":7}},"type":"if","locations":[{"start":{"line":12,"column":6},"end":{"line":18,"column":7}},{"start":{"line":14,"column":13},"end":{"line":18,"column":7}}],"line":12},"1":{"loc":{"start":{"line":14,"column":13},"end":{"line":18,"column":7}},"type":"if","locations":[{"start":{"line":14,"column":13},"end":{"line":18,"column":7}},{"start":{"line":16,"column":13},"end":{"line":18,"column":7}}],"line":14}},"s":{"0":2,"1":2,"2":2,"3":1,"4":1,"5":1,"6":1,"7":0,"8":0,"9":0,"10":0,"11":0,"12":1,"13":1,"14":1,"15":0,"16":0,"17":0,"18":0,"19":0},"f":{"0":1,"1":1,"2":0},"b":{"0":[0,0],"1":[0,0]},"_coverageSchema":"1a1c01bbd47fc00a2c39e90264f33305004495a9","hash":"81169e0730f3fb39e3826e3e80ed2fb3f609a96b"}
,"D:\\Jean\\Downloads\\Dev\\ApiREST_Clientes_Cidades\\src\\controllers\\cliente.js": {"path":"D:\\Jean\\Downloads\\Dev\\ApiREST_Clientes_Cidades\\src\\controllers\\cliente.js","statementMap":{"0":{"start":{"line":1,"column":16},"end":{"line":1,"column":44}},"1":{"start":{"line":2,"column":54},"end":{"line":2,"column":80}},"2":{"start":{"line":4,"column":0},"end":{"line":81,"column":2}},"3":{"start":{"line":6,"column":66},"end":{"line":6,"column":74}},"4":{"start":{"line":8,"column":4},"end":{"line":27,"column":5}},"5":{"start":{"line":9,"column":22},"end":{"line":15,"column":8}},"6":{"start":{"line":16,"column":6},"end":{"line":16,"column":31}},"7":{"start":{"line":18,"column":6},"end":{"line":18,"column":29}},"8":{"start":{"line":20,"column":6},"end":{"line":26,"column":7}},"9":{"start":{"line":21,"column":8},"end":{"line":21,"column":53}},"10":{"start":{"line":22,"column":13},"end":{"line":26,"column":7}},"11":{"start":{"line":23,"column":8},"end":{"line":23,"column":53}},"12":{"start":{"line":25,"column":8},"end":{"line":25,"column":53}},"13":{"start":{"line":31,"column":15},"end":{"line":31,"column":28}},"14":{"start":{"line":32,"column":25},"end":{"line":32,"column":46}},"15":{"start":{"line":34,"column":4},"end":{"line":50,"column":5}},"16":{"start":{"line":35,"column":22},"end":{"line":38,"column":8}},"17":{"start":{"line":39,"column":6},"end":{"line":39,"column":31}},"18":{"start":{"line":41,"column":6},"end":{"line":41,"column":29}},"19":{"start":{"line":43,"column":6},"end":{"line":49,"column":7}},"20":{"start":{"line":44,"column":8},"end":{"line":44,"column":53}},"21":{"start":{"line":45,"column":13},"end":{"line":49,"column":7}},"22":{"start":{"line":46,"column":8},"end":{"line":46,"column":53}},"23":{"start":{"line":48,"column":8},"end":{"line":48,"column":53}},"24":{"start":{"line":54,"column":4},"end":{"line":59,"column":5}},"25":{"start":{"line":55,"column":22},"end":{"line":55,"column":73}},"26":{"start":{"line":56,"column":6},"end":{"line":56,"column":24}},"27":{"start":{"line":58,"column":6},"end":{"line":58,"column":50}},"28":{"start":{"line":63,"column":4},"end":{"line":68,"column":5}},"29":{"start":{"line":64,"column":22},"end":{"line":64,"column":61}},"30":{"start":{"line":65,"column":6},"end":{"line":65,"column":24}},"31":{"start":{"line":67,"column":6},"end":{"line":67,"column":50}},"32":{"start":{"line":72,"column":20},"end":{"line":72,"column":59}},"33":{"start":{"line":73,"column":4},"end":{"line":78,"column":5}},"34":{"start":{"line":74,"column":6},"end":{"line":74,"column":29}},"35":{"start":{"line":75,"column":6},"end":{"line":75,"column":29}},"36":{"start":{"line":77,"column":6},"end":{"line":77,"column":43}}},"fnMap":{"0":{"name":"(anonymous_0)","decl":{"start":{"line":5,"column":12},"end":{"line":5,"column":13}},"loc":{"start":{"line":5,"column":32},"end":{"line":28,"column":3}},"line":5},"1":{"name":"(anonymous_1)","decl":{"start":{"line":30,"column":12},"end":{"line":30,"column":13}},"loc":{"start":{"line":30,"column":32},"end":{"line":51,"column":3}},"line":30},"2":{"name":"(anonymous_2)","decl":{"start":{"line":53,"column":16},"end":{"line":53,"column":17}},"loc":{"start":{"line":53,"column":36},"end":{"line":60,"column":3}},"line":53},"3":{"name":"(anonymous_3)","decl":{"start":{"line":62,"column":14},"end":{"line":62,"column":15}},"loc":{"start":{"line":62,"column":34},"end":{"line":69,"column":3}},"line":62},"4":{"name":"(anonymous_4)","decl":{"start":{"line":71,"column":10},"end":{"line":71,"column":11}},"loc":{"start":{"line":71,"column":30},"end":{"line":79,"column":3}},"line":71}},"branchMap":{"0":{"loc":{"start":{"line":20,"column":6},"end":{"line":26,"column":7}},"type":"if","locations":[{"start":{"line":20,"column":6},"end":{"line":26,"column":7}},{"start":{"line":22,"column":13},"end":{"line":26,"column":7}}],"line":20},"1":{"loc":{"start":{"line":22,"column":13},"end":{"line":26,"column":7}},"type":"if","locations":[{"start":{"line":22,"column":13},"end":{"line":26,"column":7}},{"start":{"line":24,"column":13},"end":{"line":26,"column":7}}],"line":22},"2":{"loc":{"start":{"line":43,"column":6},"end":{"line":49,"column":7}},"type":"if","locations":[{"start":{"line":43,"column":6},"end":{"line":49,"column":7}},{"start":{"line":45,"column":13},"end":{"line":49,"column":7}}],"line":43},"3":{"loc":{"start":{"line":45,"column":13},"end":{"line":49,"column":7}},"type":"if","locations":[{"start":{"line":45,"column":13},"end":{"line":49,"column":7}},{"start":{"line":47,"column":13},"end":{"line":49,"column":7}}],"line":45}},"s":{"0":2,"1":2,"2":2,"3":0,"4":0,"5":0,"6":0,"7":0,"8":0,"9":0,"10":0,"11":0,"12":0,"13":0,"14":0,"15":0,"16":0,"17":0,"18":0,"19":0,"20":0,"21":0,"22":0,"23":0,"24":0,"25":0,"26":0,"27":0,"28":0,"29":0,"30":0,"31":0,"32":0,"33":0,"34":0,"35":0,"36":0},"f":{"0":0,"1":0,"2":0,"3":0,"4":0},"b":{"0":[0,0],"1":[0,0],"2":[0,0],"3":[0,0]},"_coverageSchema":"1a1c01bbd47fc00a2c39e90264f33305004495a9","hash":"9284e1bcb8fc18f24df4b17af637e6ce2e6bf748"}
,"D:\\Jean\\Downloads\\Dev\\ApiREST_Clientes_Cidades\\src\\models\\cidade.js": {"path":"D:\\Jean\\Downloads\\Dev\\ApiREST_Clientes_Cidades\\src\\models\\cidade.js","statementMap":{"0":{"start":{"line":1,"column":25},"end":{"line":1,"column":58}},"1":{"start":{"line":2,"column":19},"end":{"line":2,"column":50}},"2":{"start":{"line":6,"column":4},"end":{"line":6,"column":24}},"3":{"start":{"line":7,"column":4},"end":{"line":7,"column":28}},"4":{"start":{"line":8,"column":4},"end":{"line":8,"column":32}},"5":{"start":{"line":9,"column":4},"end":{"line":9,"column":18}},"6":{"start":{"line":13,"column":4},"end":{"line":13,"column":43}},"7":{"start":{"line":17,"column":4},"end":{"line":17,"column":53}},"8":{"start":{"line":18,"column":4},"end":{"line":18,"column":58}},"9":{"start":{"line":19,"column":4},"end":{"line":19,"column":57}},"10":{"start":{"line":20,"column":4},"end":{"line":20,"column":62}},"11":{"start":{"line":24,"column":19},"end":{"line":24,"column":60}},"12":{"start":{"line":25,"column":4},"end":{"line":27,"column":5}},"13":{"start":{"line":26,"column":6},"end":{"line":26,"column":18}},"14":{"start":{"line":28,"column":4},"end":{"line":28,"column":30}},"15":{"start":{"line":32,"column":19},"end":{"line":32,"column":64}},"16":{"start":{"line":33,"column":4},"end":{"line":35,"column":5}},"17":{"start":{"line":34,"column":6},"end":{"line":34,"column":18}},"18":{"start":{"line":36,"column":4},"end":{"line":36,"column":18}},"19":{"start":{"line":40,"column":0},"end":{"line":40,"column":24}}},"fnMap":{"0":{"name":"(anonymous_0)","decl":{"start":{"line":5,"column":2},"end":{"line":5,"column":3}},"loc":{"start":{"line":5,"column":22},"end":{"line":10,"column":3}},"line":5},"1":{"name":"(anonymous_1)","decl":{"start":{"line":12,"column":2},"end":{"line":12,"column":3}},"loc":{"start":{"line":12,"column":13},"end":{"line":14,"column":3}},"line":12},"2":{"name":"(anonymous_2)","decl":{"start":{"line":16,"column":2},"end":{"line":16,"column":3}},"loc":{"start":{"line":16,"column":11},"end":{"line":21,"column":3}},"line":16},"3":{"name":"(anonymous_3)","decl":{"start":{"line":23,"column":2},"end":{"line":23,"column":3}},"loc":{"start":{"line":23,"column":34},"end":{"line":29,"column":3}},"line":23},"4":{"name":"(anonymous_4)","decl":{"start":{"line":31,"column":2},"end":{"line":31,"column":3}},"loc":{"start":{"line":31,"column":38},"end":{"line":37,"column":3}},"line":31}},"branchMap":{"0":{"loc":{"start":{"line":25,"column":4},"end":{"line":27,"column":5}},"type":"if","locations":[{"start":{"line":25,"column":4},"end":{"line":27,"column":5}},{"start":{},"end":{}}],"line":25},"1":{"loc":{"start":{"line":33,"column":4},"end":{"line":35,"column":5}},"type":"if","locations":[{"start":{"line":33,"column":4},"end":{"line":35,"column":5}},{"start":{},"end":{}}],"line":33}},"s":{"0":2,"1":2,"2":2,"3":2,"4":2,"5":2,"6":1,"7":2,"8":2,"9":2,"10":2,"11":1,"12":1,"13":0,"14":1,"15":0,"16":0,"17":0,"18":0,"19":2},"f":{"0":2,"1":1,"2":2,"3":1,"4":0},"b":{"0":[0,1],"1":[0,0]},"_coverageSchema":"1a1c01bbd47fc00a2c39e90264f33305004495a9","hash":"16b17e9c1b8e34678656ea8fc5dd6667eb8ec3d0"}
,"D:\\Jean\\Downloads\\Dev\\ApiREST_Clientes_Cidades\\src\\models\\cliente.js": {"path":"D:\\Jean\\Downloads\\Dev\\ApiREST_Clientes_Cidades\\src\\models\\cliente.js","statementMap":{"0":{"start":{"line":1,"column":26},"end":{"line":1,"column":60}},"1":{"start":{"line":2,"column":33},"end":{"line":2,"column":59}},"2":{"start":{"line":3,"column":19},"end":{"line":3,"column":50}},"3":{"start":{"line":7,"column":4},"end":{"line":7,"column":25}},"4":{"start":{"line":8,"column":4},"end":{"line":8,"column":45}},"5":{"start":{"line":9,"column":4},"end":{"line":9,"column":29}},"6":{"start":{"line":10,"column":4},"end":{"line":10,"column":49}},"7":{"start":{"line":11,"column":4},"end":{"line":11,"column":31}},"8":{"start":{"line":12,"column":4},"end":{"line":12,"column":33}},"9":{"start":{"line":16,"column":4},"end":{"line":18,"column":5}},"10":{"start":{"line":17,"column":6},"end":{"line":17,"column":64}},"11":{"start":{"line":19,"column":4},"end":{"line":19,"column":18}},"12":{"start":{"line":20,"column":4},"end":{"line":20,"column":44}},"13":{"start":{"line":24,"column":4},"end":{"line":26,"column":5}},"14":{"start":{"line":25,"column":6},"end":{"line":25,"column":64}},"15":{"start":{"line":27,"column":4},"end":{"line":27,"column":44}},"16":{"start":{"line":31,"column":4},"end":{"line":31,"column":69}},"17":{"start":{"line":32,"column":4},"end":{"line":32,"column":53}},"18":{"start":{"line":33,"column":4},"end":{"line":33,"column":73}},"19":{"start":{"line":34,"column":4},"end":{"line":34,"column":55}},"20":{"start":{"line":35,"column":4},"end":{"line":35,"column":57}},"21":{"start":{"line":39,"column":4},"end":{"line":39,"column":42}},"22":{"start":{"line":43,"column":20},"end":{"line":43,"column":58}},"23":{"start":{"line":44,"column":4},"end":{"line":46,"column":5}},"24":{"start":{"line":45,"column":6},"end":{"line":45,"column":18}},"25":{"start":{"line":47,"column":4},"end":{"line":47,"column":32}},"26":{"start":{"line":51,"column":4},"end":{"line":51,"column":56}},"27":{"start":{"line":56,"column":0},"end":{"line":56,"column":25}}},"fnMap":{"0":{"name":"(anonymous_0)","decl":{"start":{"line":6,"column":2},"end":{"line":6,"column":3}},"loc":{"start":{"line":6,"column":23},"end":{"line":14,"column":3}},"line":6},"1":{"name":"(anonymous_1)","decl":{"start":{"line":15,"column":2},"end":{"line":15,"column":3}},"loc":{"start":{"line":15,"column":19},"end":{"line":21,"column":3}},"line":15},"2":{"name":"(anonymous_2)","decl":{"start":{"line":23,"column":2},"end":{"line":23,"column":3}},"loc":{"start":{"line":23,"column":19},"end":{"line":28,"column":3}},"line":23},"3":{"name":"(anonymous_3)","decl":{"start":{"line":30,"column":2},"end":{"line":30,"column":3}},"loc":{"start":{"line":30,"column":11},"end":{"line":36,"column":3}},"line":30},"4":{"name":"(anonymous_4)","decl":{"start":{"line":38,"column":2},"end":{"line":38,"column":3}},"loc":{"start":{"line":38,"column":17},"end":{"line":40,"column":3}},"line":38},"5":{"name":"(anonymous_5)","decl":{"start":{"line":42,"column":2},"end":{"line":42,"column":3}},"loc":{"start":{"line":42,"column":30},"end":{"line":48,"column":3}},"line":42},"6":{"name":"(anonymous_6)","decl":{"start":{"line":50,"column":2},"end":{"line":50,"column":3}},"loc":{"start":{"line":50,"column":42},"end":{"line":52,"column":3}},"line":50}},"branchMap":{"0":{"loc":{"start":{"line":16,"column":4},"end":{"line":18,"column":5}},"type":"if","locations":[{"start":{"line":16,"column":4},"end":{"line":18,"column":5}},{"start":{},"end":{}}],"line":16},"1":{"loc":{"start":{"line":24,"column":4},"end":{"line":26,"column":5}},"type":"if","locations":[{"start":{"line":24,"column":4},"end":{"line":26,"column":5}},{"start":{},"end":{}}],"line":24},"2":{"loc":{"start":{"line":44,"column":4},"end":{"line":46,"column":5}},"type":"if","locations":[{"start":{"line":44,"column":4},"end":{"line":46,"column":5}},{"start":{},"end":{}}],"line":44}},"s":{"0":2,"1":2,"2":2,"3":0,"4":0,"5":0,"6":0,"7":0,"8":0,"9":0,"10":0,"11":0,"12":0,"13":0,"14":0,"15":0,"16":0,"17":0,"18":0,"19":0,"20":0,"21":0,"22":0,"23":0,"24":0,"25":0,"26":0,"27":2},"f":{"0":0,"1":0,"2":0,"3":0,"4":0,"5":0,"6":0},"b":{"0":[0,0],"1":[0,0],"2":[0,0]},"_coverageSchema":"1a1c01bbd47fc00a2c39e90264f33305004495a9","hash":"38dd8ec775dca8dc3f83193ad73b21e8169c64ad"}
,"D:\\Jean\\Downloads\\Dev\\ApiREST_Clientes_Cidades\\src\\repositories\\cidade.js": {"path":"D:\\Jean\\Downloads\\Dev\\ApiREST_Clientes_Cidades\\src\\repositories\\cidade.js","statementMap":{"0":{"start":{"line":1,"column":11},"end":{"line":1,"column":43}},"1":{"start":{"line":2,"column":32},"end":{"line":2,"column":58}},"2":{"start":{"line":4,"column":0},"end":{"line":64,"column":2}},"3":{"start":{"line":6,"column":4},"end":{"line":23,"column":7}},"4":{"start":{"line":7,"column":6},"end":{"line":22,"column":8}},"5":{"start":{"line":16,"column":10},"end":{"line":18,"column":11}},"6":{"start":{"line":17,"column":12},"end":{"line":17,"column":89}},"7":{"start":{"line":20,"column":10},"end":{"line":20,"column":30}},"8":{"start":{"line":27,"column":4},"end":{"line":42,"column":7}},"9":{"start":{"line":28,"column":6},"end":{"line":41,"column":8}},"10":{"start":{"line":36,"column":10},"end":{"line":38,"column":11}},"11":{"start":{"line":37,"column":12},"end":{"line":37,"column":66}},"12":{"start":{"line":39,"column":10},"end":{"line":39,"column":33}},"13":{"start":{"line":46,"column":4},"end":{"line":61,"column":7}},"14":{"start":{"line":47,"column":6},"end":{"line":60,"column":8}},"15":{"start":{"line":55,"column":10},"end":{"line":57,"column":11}},"16":{"start":{"line":56,"column":12},"end":{"line":56,"column":66}},"17":{"start":{"line":58,"column":10},"end":{"line":58,"column":34}}},"fnMap":{"0":{"name":"(anonymous_0)","decl":{"start":{"line":5,"column":12},"end":{"line":5,"column":13}},"loc":{"start":{"line":5,"column":34},"end":{"line":24,"column":3}},"line":5},"1":{"name":"(anonymous_1)","decl":{"start":{"line":6,"column":23},"end":{"line":6,"column":24}},"loc":{"start":{"line":6,"column":44},"end":{"line":23,"column":5}},"line":6},"2":{"name":"(anonymous_2)","decl":{"start":{"line":15,"column":8},"end":{"line":15,"column":9}},"loc":{"start":{"line":15,"column":23},"end":{"line":21,"column":9}},"line":15},"3":{"name":"(anonymous_3)","decl":{"start":{"line":26,"column":16},"end":{"line":26,"column":17}},"loc":{"start":{"line":26,"column":24},"end":{"line":43,"column":3}},"line":26},"4":{"name":"(anonymous_4)","decl":{"start":{"line":27,"column":23},"end":{"line":27,"column":24}},"loc":{"start":{"line":27,"column":44},"end":{"line":42,"column":5}},"line":27},"5":{"name":"(anonymous_5)","decl":{"start":{"line":35,"column":8},"end":{"line":35,"column":9}},"loc":{"start":{"line":35,"column":26},"end":{"line":40,"column":9}},"line":35},"6":{"name":"(anonymous_6)","decl":{"start":{"line":45,"column":18},"end":{"line":45,"column":19}},"loc":{"start":{"line":45,"column":28},"end":{"line":62,"column":3}},"line":45},"7":{"name":"(anonymous_7)","decl":{"start":{"line":46,"column":23},"end":{"line":46,"column":24}},"loc":{"start":{"line":46,"column":44},"end":{"line":61,"column":5}},"line":46},"8":{"name":"(anonymous_8)","decl":{"start":{"line":54,"column":8},"end":{"line":54,"column":9}},"loc":{"start":{"line":54,"column":27},"end":{"line":59,"column":9}},"line":54}},"branchMap":{"0":{"loc":{"start":{"line":16,"column":10},"end":{"line":18,"column":11}},"type":"if","locations":[{"start":{"line":16,"column":10},"end":{"line":18,"column":11}},{"start":{},"end":{}}],"line":16},"1":{"loc":{"start":{"line":36,"column":10},"end":{"line":38,"column":11}},"type":"if","locations":[{"start":{"line":36,"column":10},"end":{"line":38,"column":11}},{"start":{},"end":{}}],"line":36},"2":{"loc":{"start":{"line":55,"column":10},"end":{"line":57,"column":11}},"type":"if","locations":[{"start":{"line":55,"column":10},"end":{"line":57,"column":11}},{"start":{},"end":{}}],"line":55}},"s":{"0":3,"1":3,"2":3,"3":1,"4":1,"5":1,"6":0,"7":1,"8":2,"9":2,"10":2,"11":0,"12":2,"13":0,"14":0,"15":0,"16":0,"17":0},"f":{"0":1,"1":1,"2":1,"3":2,"4":2,"5":2,"6":0,"7":0,"8":0},"b":{"0":[0,1],"1":[0,2],"2":[0,0]},"_coverageSchema":"1a1c01bbd47fc00a2c39e90264f33305004495a9","hash":"49e2eb98af322513a44c1636168ecd6358b2ccae"}
,"D:\\Jean\\Downloads\\Dev\\ApiREST_Clientes_Cidades\\src\\repositories\\cliente.js": {"path":"D:\\Jean\\Downloads\\Dev\\ApiREST_Clientes_Cidades\\src\\repositories\\cliente.js","statementMap":{"0":{"start":{"line":1,"column":11},"end":{"line":1,"column":43}},"1":{"start":{"line":2,"column":32},"end":{"line":2,"column":58}},"2":{"start":{"line":4,"column":0},"end":{"line":104,"column":2}},"3":{"start":{"line":6,"column":4},"end":{"line":26,"column":7}},"4":{"start":{"line":7,"column":6},"end":{"line":25,"column":8}},"5":{"start":{"line":19,"column":10},"end":{"line":21,"column":11}},"6":{"start":{"line":20,"column":12},"end":{"line":20,"column":83}},"7":{"start":{"line":23,"column":10},"end":{"line":23,"column":30}},"8":{"start":{"line":30,"column":4},"end":{"line":45,"column":7}},"9":{"start":{"line":31,"column":6},"end":{"line":44,"column":8}},"10":{"start":{"line":39,"column":10},"end":{"line":41,"column":11}},"11":{"start":{"line":40,"column":12},"end":{"line":40,"column":55}},"12":{"start":{"line":42,"column":10},"end":{"line":42,"column":27}},"13":{"start":{"line":49,"column":4},"end":{"line":64,"column":7}},"14":{"start":{"line":50,"column":6},"end":{"line":63,"column":8}},"15":{"start":{"line":58,"column":10},"end":{"line":60,"column":11}},"16":{"start":{"line":59,"column":12},"end":{"line":59,"column":67}},"17":{"start":{"line":61,"column":10},"end":{"line":61,"column":34}},"18":{"start":{"line":68,"column":4},"end":{"line":83,"column":7}},"19":{"start":{"line":69,"column":6},"end":{"line":82,"column":8}},"20":{"start":{"line":77,"column":10},"end":{"line":79,"column":11}},"21":{"start":{"line":78,"column":12},"end":{"line":78,"column":67}},"22":{"start":{"line":80,"column":10},"end":{"line":80,"column":34}},"23":{"start":{"line":87,"column":4},"end":{"line":101,"column":7}},"24":{"start":{"line":88,"column":6},"end":{"line":100,"column":8}},"25":{"start":{"line":95,"column":10},"end":{"line":97,"column":11}},"26":{"start":{"line":96,"column":12},"end":{"line":96,"column":55}},"27":{"start":{"line":98,"column":10},"end":{"line":98,"column":27}}},"fnMap":{"0":{"name":"(anonymous_0)","decl":{"start":{"line":5,"column":12},"end":{"line":5,"column":13}},"loc":{"start":{"line":5,"column":71},"end":{"line":27,"column":3}},"line":5},"1":{"name":"(anonymous_1)","decl":{"start":{"line":6,"column":23},"end":{"line":6,"column":24}},"loc":{"start":{"line":6,"column":44},"end":{"line":26,"column":5}},"line":6},"2":{"name":"(anonymous_2)","decl":{"start":{"line":18,"column":8},"end":{"line":18,"column":9}},"loc":{"start":{"line":18,"column":23},"end":{"line":24,"column":9}},"line":18},"3":{"name":"(anonymous_3)","decl":{"start":{"line":29,"column":12},"end":{"line":29,"column":13}},"loc":{"start":{"line":29,"column":38},"end":{"line":46,"column":3}},"line":29},"4":{"name":"(anonymous_4)","decl":{"start":{"line":30,"column":23},"end":{"line":30,"column":24}},"loc":{"start":{"line":30,"column":44},"end":{"line":45,"column":5}},"line":30},"5":{"name":"(anonymous_5)","decl":{"start":{"line":38,"column":8},"end":{"line":38,"column":9}},"loc":{"start":{"line":38,"column":16},"end":{"line":43,"column":9}},"line":38},"6":{"name":"(anonymous_6)","decl":{"start":{"line":48,"column":16},"end":{"line":48,"column":17}},"loc":{"start":{"line":48,"column":32},"end":{"line":65,"column":3}},"line":48},"7":{"name":"(anonymous_7)","decl":{"start":{"line":49,"column":23},"end":{"line":49,"column":24}},"loc":{"start":{"line":49,"column":44},"end":{"line":64,"column":5}},"line":49},"8":{"name":"(anonymous_8)","decl":{"start":{"line":57,"column":8},"end":{"line":57,"column":9}},"loc":{"start":{"line":57,"column":27},"end":{"line":62,"column":9}},"line":57},"9":{"name":"(anonymous_9)","decl":{"start":{"line":67,"column":14},"end":{"line":67,"column":15}},"loc":{"start":{"line":67,"column":20},"end":{"line":84,"column":3}},"line":67},"10":{"name":"(anonymous_10)","decl":{"start":{"line":68,"column":23},"end":{"line":68,"column":24}},"loc":{"start":{"line":68,"column":44},"end":{"line":83,"column":5}},"line":68},"11":{"name":"(anonymous_11)","decl":{"start":{"line":76,"column":8},"end":{"line":76,"column":9}},"loc":{"start":{"line":76,"column":27},"end":{"line":81,"column":9}},"line":76},"12":{"name":"(anonymous_12)","decl":{"start":{"line":86,"column":10},"end":{"line":86,"column":11}},"loc":{"start":{"line":86,"column":21},"end":{"line":102,"column":3}},"line":86},"13":{"name":"(anonymous_13)","decl":{"start":{"line":87,"column":23},"end":{"line":87,"column":24}},"loc":{"start":{"line":87,"column":44},"end":{"line":101,"column":5}},"line":87},"14":{"name":"(anonymous_14)","decl":{"start":{"line":94,"column":8},"end":{"line":94,"column":9}},"loc":{"start":{"line":94,"column":16},"end":{"line":99,"column":9}},"line":94}},"branchMap":{"0":{"loc":{"start":{"line":19,"column":10},"end":{"line":21,"column":11}},"type":"if","locations":[{"start":{"line":19,"column":10},"end":{"line":21,"column":11}},{"start":{},"end":{}}],"line":19},"1":{"loc":{"start":{"line":39,"column":10},"end":{"line":41,"column":11}},"type":"if","locations":[{"start":{"line":39,"column":10},"end":{"line":41,"column":11}},{"start":{},"end":{}}],"line":39},"2":{"loc":{"start":{"line":58,"column":10},"end":{"line":60,"column":11}},"type":"if","locations":[{"start":{"line":58,"column":10},"end":{"line":60,"column":11}},{"start":{},"end":{}}],"line":58},"3":{"loc":{"start":{"line":77,"column":10},"end":{"line":79,"column":11}},"type":"if","locations":[{"start":{"line":77,"column":10},"end":{"line":79,"column":11}},{"start":{},"end":{}}],"line":77},"4":{"loc":{"start":{"line":77,"column":14},"end":{"line":77,"column":34}},"type":"binary-expr","locations":[{"start":{"line":77,"column":15},"end":{"line":77,"column":19}},{"start":{"line":77,"column":25},"end":{"line":77,"column":33}}],"line":77},"5":{"loc":{"start":{"line":95,"column":10},"end":{"line":97,"column":11}},"type":"if","locations":[{"start":{"line":95,"column":10},"end":{"line":97,"column":11}},{"start":{},"end":{}}],"line":95}},"s":{"0":3,"1":3,"2":3,"3":0,"4":0,"5":0,"6":0,"7":0,"8":0,"9":0,"10":0,"11":0,"12":0,"13":1,"14":1,"15":1,"16":0,"17":1,"18":1,"19":1,"20":1,"21":0,"22":1,"23":0,"24":0,"25":0,"26":0,"27":0},"f":{"0":0,"1":0,"2":0,"3":0,"4":0,"5":0,"6":1,"7":1,"8":1,"9":1,"10":1,"11":1,"12":0,"13":0,"14":0},"b":{"0":[0,0],"1":[0,0],"2":[0,1],"3":[0,1],"4":[1,1],"5":[0,0]},"_coverageSchema":"1a1c01bbd47fc00a2c39e90264f33305004495a9","hash":"bd0c13a7fee5e95fb52781f27126b2ca55071815"}
,"D:\\Jean\\Downloads\\Dev\\ApiREST_Clientes_Cidades\\src\\routes\\cidade.js": {"path":"D:\\Jean\\Downloads\\Dev\\ApiREST_Clientes_Cidades\\src\\routes\\cidade.js","statementMap":{"0":{"start":{"line":1,"column":27},"end":{"line":1,"column":59}},"1":{"start":{"line":3,"column":0},"end":{"line":7,"column":2}},"2":{"start":{"line":4,"column":2},"end":{"line":4,"column":57}},"3":{"start":{"line":5,"column":2},"end":{"line":5,"column":66}},"4":{"start":{"line":6,"column":2},"end":{"line":6,"column":70}}},"fnMap":{"0":{"name":"(anonymous_0)","decl":{"start":{"line":3,"column":17},"end":{"line":3,"column":18}},"loc":{"start":{"line":3,"column":24},"end":{"line":7,"column":1}},"line":3}},"branchMap":{},"s":{"0":2,"1":2,"2":2,"3":2,"4":2},"f":{"0":2},"b":{},"_coverageSchema":"1a1c01bbd47fc00a2c39e90264f33305004495a9","hash":"1290d583cd127911de4d8854e36392a2d7cebb4e"}
,"D:\\Jean\\Downloads\\Dev\\ApiREST_Clientes_Cidades\\src\\routes\\cliente.js": {"path":"D:\\Jean\\Downloads\\Dev\\ApiREST_Clientes_Cidades\\src\\routes\\cliente.js","statementMap":{"0":{"start":{"line":1,"column":28},"end":{"line":1,"column":61}},"1":{"start":{"line":3,"column":0},"end":{"line":9,"column":2}},"2":{"start":{"line":4,"column":2},"end":{"line":4,"column":59}},"3":{"start":{"line":5,"column":2},"end":{"line":5,"column":81}},"4":{"start":{"line":6,"column":2},"end":{"line":6,"column":67}},"5":{"start":{"line":7,"column":2},"end":{"line":7,"column":63}},"6":{"start":{"line":8,"column":2},"end":{"line":8,"column":62}}},"fnMap":{"0":{"name":"(anonymous_0)","decl":{"start":{"line":3,"column":17},"end":{"line":3,"column":18}},"loc":{"start":{"line":3,"column":24},"end":{"line":9,"column":1}},"line":3}},"branchMap":{},"s":{"0":2,"1":2,"2":2,"3":2,"4":2,"5":2,"6":2},"f":{"0":2},"b":{},"_coverageSchema":"1a1c01bbd47fc00a2c39e90264f33305004495a9","hash":"b760cc80911b9186710337bdb02526eff2d552e6"}
,"D:\\Jean\\Downloads\\Dev\\ApiREST_Clientes_Cidades\\src\\utils\\errors.js": {"path":"D:\\Jean\\Downloads\\Dev\\ApiREST_Clientes_Cidades\\src\\utils\\errors.js","statementMap":{"0":{"start":{"line":3,"column":4},"end":{"line":3,"column":20}},"1":{"start":{"line":4,"column":4},"end":{"line":4,"column":39}},"2":{"start":{"line":10,"column":4},"end":{"line":10,"column":20}},"3":{"start":{"line":11,"column":4},"end":{"line":11,"column":38}},"4":{"start":{"line":15,"column":0},"end":{"line":18,"column":2}}},"fnMap":{"0":{"name":"(anonymous_0)","decl":{"start":{"line":2,"column":2},"end":{"line":2,"column":3}},"loc":{"start":{"line":2,"column":24},"end":{"line":5,"column":3}},"line":2},"1":{"name":"(anonymous_1)","decl":{"start":{"line":9,"column":2},"end":{"line":9,"column":3}},"loc":{"start":{"line":9,"column":24},"end":{"line":12,"column":3}},"line":9}},"branchMap":{},"s":{"0":0,"1":0,"2":0,"3":0,"4":4},"f":{"0":0,"1":0},"b":{},"_coverageSchema":"1a1c01bbd47fc00a2c39e90264f33305004495a9","hash":"9bf33537f7a7008156611a81c821b84b3a9cb435"}
,"D:\\Jean\\Downloads\\Dev\\ApiREST_Clientes_Cidades\\src\\utils\\validations.js": {"path":"D:\\Jean\\Downloads\\Dev\\ApiREST_Clientes_Cidades\\src\\utils\\validations.js","statementMap":{"0":{"start":{"line":1,"column":33},"end":{"line":1,"column":52}},"1":{"start":{"line":4,"column":0},"end":{"line":17,"column":2}},"2":{"start":{"line":6,"column":4},"end":{"line":7,"column":80}},"3":{"start":{"line":7,"column":6},"end":{"line":7,"column":80}},"4":{"start":{"line":11,"column":4},"end":{"line":14,"column":8}},"5":{"start":{"line":12,"column":6},"end":{"line":14,"column":8}}},"fnMap":{"0":{"name":"(anonymous_0)","decl":{"start":{"line":5,"column":22},"end":{"line":5,"column":23}},"loc":{"start":{"line":5,"column":39},"end":{"line":8,"column":3}},"line":5},"1":{"name":"(anonymous_1)","decl":{"start":{"line":10,"column":22},"end":{"line":10,"column":23}},"loc":{"start":{"line":10,"column":47},"end":{"line":15,"column":3}},"line":10}},"branchMap":{"0":{"loc":{"start":{"line":6,"column":4},"end":{"line":7,"column":80}},"type":"if","locations":[{"start":{"line":6,"column":4},"end":{"line":7,"column":80}},{"start":{},"end":{}}],"line":6},"1":{"loc":{"start":{"line":6,"column":8},"end":{"line":6,"column":64}},"type":"binary-expr","locations":[{"start":{"line":6,"column":8},"end":{"line":6,"column":33}},{"start":{"line":6,"column":37},"end":{"line":6,"column":48}},{"start":{"line":6,"column":52},"end":{"line":6,"column":64}}],"line":6},"2":{"loc":{"start":{"line":11,"column":4},"end":{"line":14,"column":8}},"type":"if","locations":[{"start":{"line":11,"column":4},"end":{"line":14,"column":8}},{"start":{},"end":{}}],"line":11}},"s":{"0":2,"1":2,"2":4,"3":0,"4":4,"5":0},"f":{"0":4,"1":4},"b":{"0":[0,4],"1":[4,4,4],"2":[0,4]},"_coverageSchema":"1a1c01bbd47fc00a2c39e90264f33305004495a9","hash":"c85172a11e16174be0a80faca599b48a3be6443c"}
}
